Started GET "/" for ::1 at 2017-09-29 11:04:04 -0400
DEPRECATION WARNING: ActiveRecord::Base.raise_in_transactional_callbacks= is deprecated, has no effect and will be removed without replacement. (called from block (3 levels) in <class:Railtie> at /usr/local/var/rbenv/versions/2.3.1/lib/ruby/gems/2.3.0/gems/activerecord-5.0.6/lib/active_record/railtie.rb:113)
Processing by StaticPagesController#index as HTML
  Rendering static_pages/index.html.erb within layouts/application
  Rendered shared/_main_nav.html.erb (0.4ms)
  Rendered shared/_masthead.html.erb (0.3ms)
  Rendered shared/_sections_nav.html.erb (0.4ms)
  Rendered shared/_search_modal.html.erb (0.3ms)
  Rendered shared/_main_content.html.erb (0.3ms)
  Rendered static_pages/index.html.erb within layouts/application (13.2ms)
Completed 200 OK in 740ms (Views: 736.8ms | ActiveRecord: 0.0ms)


Started GET "/assets/jquery_ujs.self-784a997f6726036b1993eb2217c9cb558e1cbb801c6da88105588c56f13b466a.js?body=1" for ::1 at 2017-09-29 11:04:05 -0400
Started GET "/assets/jquery.self-bd7ddd393353a8d2480a622e80342adf488fb6006d667e8b42e4c0073393abee.js?body=1" for ::1 at 2017-09-29 11:04:05 -0400
Started GET "/assets/application.self-5fe6596194de62c0e015d494dbbe8277511d77e5031ccd8707535ff953cf8732.css?body=1" for ::1 at 2017-09-29 11:04:05 -0400
Started GET "/assets/components/modal.self-52188644dbb47def5ee35ae02e69eb567ca9b664472357a8a5789dd39032a265.js?body=1" for ::1 at 2017-09-29 11:04:05 -0400
Started GET "/assets/components/sidebar.self-2a1277f850a6fa21e1a974ef5152f177ac05516477d5081d593bb137b3d6808b.js?body=1" for ::1 at 2017-09-29 11:04:05 -0400
Started GET "/assets/components/dropdown.self-815016af6fab1d5b72abd319213bf62f0c42bab2c585d2e059543ae704a0d74c.js?body=1" for ::1 at 2017-09-29 11:04:05 -0400
Started GET "/assets/application.self-f571b9db02bf4ed04c38a6a29072ac382f7d4f47db1fab9817aeadb0d8665235.js?body=1" for ::1 at 2017-09-29 11:04:05 -0400
Started GET "/assets/application.self-5fe6596194de62c0e015d494dbbe8277511d77e5031ccd8707535ff953cf8732.css?body=1&livereload=1506697885783" for ::1 at 2017-09-29 11:11:25 -0400
Started GET "/assets/application.self-5fe6596194de62c0e015d494dbbe8277511d77e5031ccd8707535ff953cf8732.css?body=1&livereload=1506697885789" for ::1 at 2017-09-29 11:11:25 -0400
Started GET "/assets/application.self-5fe6596194de62c0e015d494dbbe8277511d77e5031ccd8707535ff953cf8732.css?body=1&livereload=1506697888835" for ::1 at 2017-09-29 11:11:28 -0400
Started GET "/assets/application.self-5fe6596194de62c0e015d494dbbe8277511d77e5031ccd8707535ff953cf8732.css?body=1&livereload=1506697888837" for ::1 at 2017-09-29 11:11:28 -0400
Started GET "/assets/application.self-5fe6596194de62c0e015d494dbbe8277511d77e5031ccd8707535ff953cf8732.css?body=1&livereload=1506697889777" for ::1 at 2017-09-29 11:11:29 -0400
Started GET "/assets/application.self-5fe6596194de62c0e015d494dbbe8277511d77e5031ccd8707535ff953cf8732.css?body=1&livereload=1506697889778" for ::1 at 2017-09-29 11:11:29 -0400
Started GET "/assets/application.self-5fe6596194de62c0e015d494dbbe8277511d77e5031ccd8707535ff953cf8732.css?body=1&livereload=1506697899891" for ::1 at 2017-09-29 11:11:39 -0400
Started GET "/assets/application.self-5fe6596194de62c0e015d494dbbe8277511d77e5031ccd8707535ff953cf8732.css?body=1&livereload=1506697899892" for ::1 at 2017-09-29 11:11:39 -0400
Started GET "/assets/application.self-5fe6596194de62c0e015d494dbbe8277511d77e5031ccd8707535ff953cf8732.css?body=1&livereload=1506697983298" for ::1 at 2017-09-29 11:13:03 -0400
Started GET "/assets/application.self-5fe6596194de62c0e015d494dbbe8277511d77e5031ccd8707535ff953cf8732.css?body=1&livereload=1506697983300" for ::1 at 2017-09-29 11:13:03 -0400
Started GET "/assets/application.self-5fe6596194de62c0e015d494dbbe8277511d77e5031ccd8707535ff953cf8732.css?body=1&livereload=1506697985781" for ::1 at 2017-09-29 11:13:05 -0400
Started GET "/assets/application.self-5fe6596194de62c0e015d494dbbe8277511d77e5031ccd8707535ff953cf8732.css?body=1&livereload=1506697985783" for ::1 at 2017-09-29 11:13:05 -0400
Started GET "/assets/application.self-5fe6596194de62c0e015d494dbbe8277511d77e5031ccd8707535ff953cf8732.css?body=1&livereload=1506698038220" for ::1 at 2017-09-29 11:13:58 -0400
Started GET "/assets/application.self-5fe6596194de62c0e015d494dbbe8277511d77e5031ccd8707535ff953cf8732.css?body=1&livereload=1506698038222" for ::1 at 2017-09-29 11:13:58 -0400
Started GET "/assets/application.self-5fe6596194de62c0e015d494dbbe8277511d77e5031ccd8707535ff953cf8732.css?body=1&livereload=1506698057084" for ::1 at 2017-09-29 11:14:17 -0400
Started GET "/assets/application.self-5fe6596194de62c0e015d494dbbe8277511d77e5031ccd8707535ff953cf8732.css?body=1&livereload=1506698057089" for ::1 at 2017-09-29 11:14:17 -0400
Started GET "/assets/application.self-5fe6596194de62c0e015d494dbbe8277511d77e5031ccd8707535ff953cf8732.css?body=1&livereload=1506698058737" for ::1 at 2017-09-29 11:14:18 -0400
Started GET "/assets/application.self-5fe6596194de62c0e015d494dbbe8277511d77e5031ccd8707535ff953cf8732.css?body=1&livereload=1506698058736" for ::1 at 2017-09-29 11:14:18 -0400
Started GET "/assets/application.self-5fe6596194de62c0e015d494dbbe8277511d77e5031ccd8707535ff953cf8732.css?body=1&livereload=1506698108249" for ::1 at 2017-09-29 11:15:08 -0400
Started GET "/assets/application.self-5fe6596194de62c0e015d494dbbe8277511d77e5031ccd8707535ff953cf8732.css?body=1&livereload=1506698108250" for ::1 at 2017-09-29 11:15:08 -0400
Started GET "/assets/application.self-5fe6596194de62c0e015d494dbbe8277511d77e5031ccd8707535ff953cf8732.css?body=1&livereload=1506698176413" for ::1 at 2017-09-29 11:16:16 -0400
Started GET "/assets/application.self-5fe6596194de62c0e015d494dbbe8277511d77e5031ccd8707535ff953cf8732.css?body=1&livereload=1506698176415" for ::1 at 2017-09-29 11:16:16 -0400
Started GET "/assets/application.self-5fe6596194de62c0e015d494dbbe8277511d77e5031ccd8707535ff953cf8732.css?body=1&livereload=1506698203799" for ::1 at 2017-09-29 11:16:43 -0400
Started GET "/assets/application.self-5fe6596194de62c0e015d494dbbe8277511d77e5031ccd8707535ff953cf8732.css?body=1&livereload=1506698203801" for ::1 at 2017-09-29 11:16:43 -0400
Started GET "/assets/application.self-5fe6596194de62c0e015d494dbbe8277511d77e5031ccd8707535ff953cf8732.css?body=1&livereload=1506698224388" for ::1 at 2017-09-29 11:17:04 -0400
Started GET "/assets/application.self-5fe6596194de62c0e015d494dbbe8277511d77e5031ccd8707535ff953cf8732.css?body=1&livereload=1506698224389" for ::1 at 2017-09-29 11:17:04 -0400
Started GET "/assets/application.self-5fe6596194de62c0e015d494dbbe8277511d77e5031ccd8707535ff953cf8732.css?body=1&livereload=1506698233670" for ::1 at 2017-09-29 11:17:13 -0400
Started GET "/assets/application.self-5fe6596194de62c0e015d494dbbe8277511d77e5031ccd8707535ff953cf8732.css?body=1&livereload=1506698233672" for ::1 at 2017-09-29 11:17:13 -0400
Started GET "/assets/application.self-5fe6596194de62c0e015d494dbbe8277511d77e5031ccd8707535ff953cf8732.css?body=1&livereload=1506698237571" for ::1 at 2017-09-29 11:17:17 -0400
Started GET "/assets/application.self-5fe6596194de62c0e015d494dbbe8277511d77e5031ccd8707535ff953cf8732.css?body=1&livereload=1506698237572" for ::1 at 2017-09-29 11:17:17 -0400
Started GET "/assets/application.self-5fe6596194de62c0e015d494dbbe8277511d77e5031ccd8707535ff953cf8732.css?body=1&livereload=1506698478337" for ::1 at 2017-09-29 11:21:18 -0400
Started GET "/assets/application.self-5fe6596194de62c0e015d494dbbe8277511d77e5031ccd8707535ff953cf8732.css?body=1&livereload=1506698478339" for ::1 at 2017-09-29 11:21:18 -0400
Started GET "/assets/application.self-5fe6596194de62c0e015d494dbbe8277511d77e5031ccd8707535ff953cf8732.css?body=1&livereload=1506698489015" for ::1 at 2017-09-29 11:21:29 -0400
Started GET "/assets/application.self-5fe6596194de62c0e015d494dbbe8277511d77e5031ccd8707535ff953cf8732.css?body=1&livereload=1506698489017" for ::1 at 2017-09-29 11:21:29 -0400
Started GET "/assets/application.self-5fe6596194de62c0e015d494dbbe8277511d77e5031ccd8707535ff953cf8732.css?body=1&livereload=1506698495464" for ::1 at 2017-09-29 11:21:35 -0400
Started GET "/assets/application.self-5fe6596194de62c0e015d494dbbe8277511d77e5031ccd8707535ff953cf8732.css?body=1&livereload=1506698495465" for ::1 at 2017-09-29 11:21:35 -0400
Started GET "/assets/application.self-5fe6596194de62c0e015d494dbbe8277511d77e5031ccd8707535ff953cf8732.css?body=1&livereload=1506698529579" for ::1 at 2017-09-29 11:22:09 -0400
Started GET "/assets/application.self-5fe6596194de62c0e015d494dbbe8277511d77e5031ccd8707535ff953cf8732.css?body=1&livereload=1506698529581" for ::1 at 2017-09-29 11:22:09 -0400
Started GET "/assets/application.self-5fe6596194de62c0e015d494dbbe8277511d77e5031ccd8707535ff953cf8732.css?body=1&livereload=1506698569110" for ::1 at 2017-09-29 11:22:49 -0400
Started GET "/assets/application.self-5fe6596194de62c0e015d494dbbe8277511d77e5031ccd8707535ff953cf8732.css?body=1&livereload=1506698569116" for ::1 at 2017-09-29 11:22:49 -0400
Started GET "/assets/application.self-5fe6596194de62c0e015d494dbbe8277511d77e5031ccd8707535ff953cf8732.css?body=1&livereload=1506698571154" for ::1 at 2017-09-29 11:22:51 -0400
Started GET "/assets/application.self-5fe6596194de62c0e015d494dbbe8277511d77e5031ccd8707535ff953cf8732.css?body=1&livereload=1506698571155" for ::1 at 2017-09-29 11:22:51 -0400
Started GET "/assets/application.self-5fe6596194de62c0e015d494dbbe8277511d77e5031ccd8707535ff953cf8732.css?body=1&livereload=1506698580335" for ::1 at 2017-09-29 11:23:00 -0400
Started GET "/assets/application.self-5fe6596194de62c0e015d494dbbe8277511d77e5031ccd8707535ff953cf8732.css?body=1&livereload=1506698580336" for ::1 at 2017-09-29 11:23:00 -0400
Started GET "/assets/application.self-5fe6596194de62c0e015d494dbbe8277511d77e5031ccd8707535ff953cf8732.css?body=1&livereload=1506698581344" for ::1 at 2017-09-29 11:23:01 -0400
Started GET "/assets/application.self-5fe6596194de62c0e015d494dbbe8277511d77e5031ccd8707535ff953cf8732.css?body=1&livereload=1506698581346" for ::1 at 2017-09-29 11:23:01 -0400
Started GET "/assets/application.self-5fe6596194de62c0e015d494dbbe8277511d77e5031ccd8707535ff953cf8732.css?body=1&livereload=1506698588321" for ::1 at 2017-09-29 11:23:08 -0400
Started GET "/assets/application.self-5fe6596194de62c0e015d494dbbe8277511d77e5031ccd8707535ff953cf8732.css?body=1&livereload=1506698588322" for ::1 at 2017-09-29 11:23:08 -0400
Started GET "/assets/application.self-5fe6596194de62c0e015d494dbbe8277511d77e5031ccd8707535ff953cf8732.css?body=1&livereload=1506698600216" for ::1 at 2017-09-29 11:23:20 -0400
Started GET "/assets/application.self-5fe6596194de62c0e015d494dbbe8277511d77e5031ccd8707535ff953cf8732.css?body=1&livereload=1506698600218" for ::1 at 2017-09-29 11:23:20 -0400
Started GET "/assets/application.self-5fe6596194de62c0e015d494dbbe8277511d77e5031ccd8707535ff953cf8732.css?body=1&livereload=1506698602818" for ::1 at 2017-09-29 11:23:22 -0400
Started GET "/assets/application.self-5fe6596194de62c0e015d494dbbe8277511d77e5031ccd8707535ff953cf8732.css?body=1&livereload=1506698602820" for ::1 at 2017-09-29 11:23:22 -0400
Started GET "/assets/application.self-5fe6596194de62c0e015d494dbbe8277511d77e5031ccd8707535ff953cf8732.css?body=1&livereload=1506698628720" for ::1 at 2017-09-29 11:23:48 -0400
Started GET "/assets/application.self-5fe6596194de62c0e015d494dbbe8277511d77e5031ccd8707535ff953cf8732.css?body=1&livereload=1506698628722" for ::1 at 2017-09-29 11:23:48 -0400
Started GET "/assets/application.self-5fe6596194de62c0e015d494dbbe8277511d77e5031ccd8707535ff953cf8732.css?body=1&livereload=1506698647950" for ::1 at 2017-09-29 11:24:07 -0400
Started GET "/assets/application.self-5fe6596194de62c0e015d494dbbe8277511d77e5031ccd8707535ff953cf8732.css?body=1&livereload=1506698647952" for ::1 at 2017-09-29 11:24:07 -0400
Started GET "/assets/application.self-5fe6596194de62c0e015d494dbbe8277511d77e5031ccd8707535ff953cf8732.css?body=1&livereload=1506698673342" for ::1 at 2017-09-29 11:24:33 -0400
Started GET "/assets/application.self-5fe6596194de62c0e015d494dbbe8277511d77e5031ccd8707535ff953cf8732.css?body=1&livereload=1506698673343" for ::1 at 2017-09-29 11:24:33 -0400
Started GET "/assets/application.self-5fe6596194de62c0e015d494dbbe8277511d77e5031ccd8707535ff953cf8732.css?body=1&livereload=1506698708542" for ::1 at 2017-09-29 11:25:08 -0400
Started GET "/assets/application.self-5fe6596194de62c0e015d494dbbe8277511d77e5031ccd8707535ff953cf8732.css?body=1&livereload=1506698708543" for ::1 at 2017-09-29 11:25:08 -0400
Started GET "/" for ::1 at 2017-09-29 11:25:08 -0400
Processing by StaticPagesController#index as HTML
  Rendering static_pages/index.html.erb within layouts/application
  Rendered shared/_main_nav.html.erb (0.4ms)
  Rendered shared/_masthead.html.erb (0.3ms)
  Rendered shared/_sections_nav.html.erb (0.3ms)
  Rendered shared/_search_modal.html.erb (0.3ms)
  Rendered shared/_main_content.html.erb (0.4ms)
  Rendered static_pages/index.html.erb within layouts/application (10.8ms)
Completed 500 Internal Server Error in 107ms (ActiveRecord: 0.0ms)



Sass::SyntaxError - Undefined variable: "$sans-serif".:
  sass (3.5.1) lib/sass/script/tree/variable.rb:49:in `_perform'
  sass (3.5.1) lib/sass/script/tree/node.rb:50:in `perform'
  sass (3.5.1) lib/sass/tree/visitors/perform.rb:402:in `visit_prop'
  sass (3.5.1) lib/sass/tree/visitors/base.rb:36:in `visit'
  sass (3.5.1) lib/sass/tree/visitors/perform.rb:162:in `block in visit'
  sass (3.5.1) lib/sass/stack.rb:79:in `block in with_base'
  sass (3.5.1) lib/sass/stack.rb:135:in `with_frame'
  sass (3.5.1) lib/sass/stack.rb:79:in `with_base'
  sass (3.5.1) lib/sass/tree/visitors/perform.rb:162:in `visit'
  sass (3.5.1) lib/sass/tree/visitors/perform.rb:444:in `block (2 levels) in visit_rule'
  sass (3.5.1) lib/sass/tree/visitors/perform.rb:444:in `block in visit_rule'
  sass (3.5.1) lib/sass/tree/visitors/perform.rb:183:in `with_environment'
  sass (3.5.1) lib/sass/tree/visitors/perform.rb:442:in `visit_rule'
  sass (3.5.1) lib/sass/tree/visitors/base.rb:36:in `visit'
  sass (3.5.1) lib/sass/tree/visitors/perform.rb:162:in `block in visit'
  sass (3.5.1) lib/sass/stack.rb:79:in `block in with_base'
  sass (3.5.1) lib/sass/stack.rb:135:in `with_frame'
  sass (3.5.1) lib/sass/stack.rb:79:in `with_base'
  sass (3.5.1) lib/sass/tree/visitors/perform.rb:162:in `visit'
  sass (3.5.1) lib/sass/tree/visitors/perform.rb:329:in `block (2 levels) in visit_import'
  sass (3.5.1) lib/sass/tree/visitors/perform.rb:329:in `block in visit_import'
  sass (3.5.1) lib/sass/stack.rb:88:in `block in with_import'
  sass (3.5.1) lib/sass/stack.rb:135:in `with_frame'
  sass (3.5.1) lib/sass/stack.rb:88:in `with_import'
  sass (3.5.1) lib/sass/tree/visitors/perform.rb:326:in `visit_import'
  sass (3.5.1) lib/sass/tree/visitors/base.rb:36:in `visit'
  sass (3.5.1) lib/sass/tree/visitors/perform.rb:162:in `block in visit'
  sass (3.5.1) lib/sass/stack.rb:79:in `block in with_base'
  sass (3.5.1) lib/sass/stack.rb:135:in `with_frame'
  sass (3.5.1) lib/sass/stack.rb:79:in `with_base'
  sass (3.5.1) lib/sass/tree/visitors/perform.rb:162:in `visit'
  sass (3.5.1) lib/sass/tree/visitors/base.rb:52:in `block in visit_children'
  sass (3.5.1) lib/sass/tree/visitors/base.rb:52:in `visit_children'
  sass (3.5.1) lib/sass/tree/visitors/perform.rb:171:in `block in visit_children'
  sass (3.5.1) lib/sass/tree/visitors/perform.rb:183:in `with_environment'
  sass (3.5.1) lib/sass/tree/visitors/perform.rb:170:in `visit_children'
  sass (3.5.1) lib/sass/tree/visitors/base.rb:36:in `block in visit'
  sass (3.5.1) lib/sass/tree/visitors/perform.rb:190:in `visit_root'
  sass (3.5.1) lib/sass/tree/visitors/base.rb:36:in `visit'
  sass (3.5.1) lib/sass/tree/visitors/perform.rb:161:in `visit'
  sass (3.5.1) lib/sass/tree/visitors/perform.rb:10:in `visit'
  sass (3.5.1) lib/sass/tree/root_node.rb:36:in `css_tree'
  sass (3.5.1) lib/sass/tree/root_node.rb:20:in `render'
  sass (3.5.1) lib/sass/engine.rb:290:in `render'
  sass-rails (5.0.6) lib/sass/rails/template.rb:47:in `evaluate'
  tilt (2.0.8) lib/tilt/template.rb:109:in `render'
  sprockets (3.7.1) lib/sprockets/legacy_tilt_processor.rb:25:in `call'
  sprockets (3.7.1) lib/sprockets/processor_utils.rb:75:in `call_processor'
  sprockets (3.7.1) lib/sprockets/processor_utils.rb:57:in `block in call_processors'
  sprockets (3.7.1) lib/sprockets/processor_utils.rb:56:in `call_processors'
  sprockets (3.7.1) lib/sprockets/loader.rb:134:in `load_from_unloaded'
  sprockets (3.7.1) lib/sprockets/loader.rb:60:in `block in load'
  sprockets (3.7.1) lib/sprockets/loader.rb:317:in `fetch_asset_from_dependency_cache'
  sprockets (3.7.1) lib/sprockets/loader.rb:44:in `load'
  sprockets (3.7.1) lib/sprockets/cached_environment.rb:20:in `block in initialize'
  sprockets (3.7.1) lib/sprockets/cached_environment.rb:47:in `load'
  sprockets (3.7.1) lib/sprockets/bundle.rb:23:in `block in call'
  sprockets (3.7.1) lib/sprockets/utils.rb:200:in `dfs'
  sprockets (3.7.1) lib/sprockets/bundle.rb:24:in `call'
  sprockets (3.7.1) lib/sprockets/processor_utils.rb:75:in `call_processor'
  sprockets (3.7.1) lib/sprockets/processor_utils.rb:57:in `block in call_processors'
  sprockets (3.7.1) lib/sprockets/processor_utils.rb:56:in `call_processors'
  sprockets (3.7.1) lib/sprockets/loader.rb:134:in `load_from_unloaded'
  sprockets (3.7.1) lib/sprockets/loader.rb:60:in `block in load'
  sprockets (3.7.1) lib/sprockets/loader.rb:317:in `fetch_asset_from_dependency_cache'
  sprockets (3.7.1) lib/sprockets/loader.rb:44:in `load'
  sprockets (3.7.1) lib/sprockets/cached_environment.rb:20:in `block in initialize'
  sprockets (3.7.1) lib/sprockets/cached_environment.rb:47:in `load'
  sprockets (3.7.1) lib/sprockets/base.rb:66:in `find_asset'
  sprockets (3.7.1) lib/sprockets/base.rb:92:in `[]'
  sprockets-rails (3.2.1) lib/sprockets/rails/helper.rb:355:in `find_asset'
  sprockets-rails (3.2.1) lib/sprockets/rails/helper.rb:347:in `find_debug_asset'
  sprockets-rails (3.2.1) lib/sprockets/rails/helper.rb:229:in `block in lookup_debug_asset'
  sprockets-rails (3.2.1) lib/sprockets/rails/helper.rb:242:in `block in resolve_asset'
  sprockets-rails (3.2.1) lib/sprockets/rails/helper.rb:241:in `resolve_asset'
  sprockets-rails (3.2.1) lib/sprockets/rails/helper.rb:228:in `lookup_debug_asset'
  sprockets-rails (3.2.1) lib/sprockets/rails/helper.rb:170:in `block in stylesheet_link_tag'
  sprockets-rails (3.2.1) lib/sprockets/rails/helper.rb:169:in `stylesheet_link_tag'
  app/views/layouts/application.html.erb:7:in `_app_views_layouts_application_html_erb__1360048087976825182_70178714740920'
  actionview (5.0.6) lib/action_view/template.rb:159:in `block in render'
  activesupport (5.0.6) lib/active_support/notifications.rb:166:in `instrument'
  actionview (5.0.6) lib/action_view/template.rb:354:in `instrument'
  actionview (5.0.6) lib/action_view/template.rb:157:in `render'
  actionview (5.0.6) lib/action_view/renderer/template_renderer.rb:66:in `render_with_layout'
  actionview (5.0.6) lib/action_view/renderer/template_renderer.rb:52:in `render_template'
  actionview (5.0.6) lib/action_view/renderer/template_renderer.rb:14:in `render'
  actionview (5.0.6) lib/action_view/renderer/renderer.rb:42:in `render_template'
  actionview (5.0.6) lib/action_view/renderer/renderer.rb:23:in `render'
  actionview (5.0.6) lib/action_view/rendering.rb:104:in `_render_template'
  actionpack (5.0.6) lib/action_controller/metal/streaming.rb:217:in `_render_template'
  actionview (5.0.6) lib/action_view/rendering.rb:83:in `render_to_body'
  actionpack (5.0.6) lib/action_controller/metal/rendering.rb:52:in `render_to_body'
  actionpack (5.0.6) lib/action_controller/metal/renderers.rb:142:in `render_to_body'
  actionpack (5.0.6) lib/abstract_controller/rendering.rb:26:in `render'
  actionpack (5.0.6) lib/action_controller/metal/rendering.rb:36:in `render'
  actionpack (5.0.6) lib/action_controller/metal/instrumentation.rb:44:in `block (2 levels) in render'
  activesupport (5.0.6) lib/active_support/core_ext/benchmark.rb:12:in `block in ms'
  /usr/local/var/rbenv/versions/2.3.1/lib/ruby/2.3.0/benchmark.rb:308:in `realtime'
  activesupport (5.0.6) lib/active_support/core_ext/benchmark.rb:12:in `ms'
  actionpack (5.0.6) lib/action_controller/metal/instrumentation.rb:44:in `block in render'
  actionpack (5.0.6) lib/action_controller/metal/instrumentation.rb:87:in `cleanup_view_runtime'
  activerecord (5.0.6) lib/active_record/railties/controller_runtime.rb:25:in `cleanup_view_runtime'
  actionpack (5.0.6) lib/action_controller/metal/instrumentation.rb:43:in `render'
  actionpack (5.0.6) lib/action_controller/metal/implicit_render.rb:36:in `default_render'
  actionpack (5.0.6) lib/action_controller/metal/basic_implicit_render.rb:4:in `block in send_action'
  actionpack (5.0.6) lib/action_controller/metal/basic_implicit_render.rb:4:in `send_action'
  actionpack (5.0.6) lib/abstract_controller/base.rb:188:in `process_action'
  actionpack (5.0.6) lib/action_controller/metal/rendering.rb:30:in `process_action'
  actionpack (5.0.6) lib/abstract_controller/callbacks.rb:20:in `block in process_action'
  activesupport (5.0.6) lib/active_support/callbacks.rb:126:in `call'
  activesupport (5.0.6) lib/active_support/callbacks.rb:506:in `block (2 levels) in compile'
  activesupport (5.0.6) lib/active_support/callbacks.rb:455:in `call'
  activesupport (5.0.6) lib/active_support/callbacks.rb:101:in `__run_callbacks__'
  activesupport (5.0.6) lib/active_support/callbacks.rb:750:in `_run_process_action_callbacks'
  activesupport (5.0.6) lib/active_support/callbacks.rb:90:in `run_callbacks'
  actionpack (5.0.6) lib/abstract_controller/callbacks.rb:19:in `process_action'
  actionpack (5.0.6) lib/action_controller/metal/rescue.rb:20:in `process_action'
  actionpack (5.0.6) lib/action_controller/metal/instrumentation.rb:32:in `block in process_action'
  activesupport (5.0.6) lib/active_support/notifications.rb:164:in `block in instrument'
  activesupport (5.0.6) lib/active_support/notifications/instrumenter.rb:21:in `instrument'
  activesupport (5.0.6) lib/active_support/notifications.rb:164:in `instrument'
  actionpack (5.0.6) lib/action_controller/metal/instrumentation.rb:30:in `process_action'
  actionpack (5.0.6) lib/action_controller/metal/params_wrapper.rb:248:in `process_action'
  activerecord (5.0.6) lib/active_record/railties/controller_runtime.rb:18:in `process_action'
  actionpack (5.0.6) lib/abstract_controller/base.rb:126:in `process'
  actionview (5.0.6) lib/action_view/rendering.rb:30:in `process'
  actionpack (5.0.6) lib/action_controller/metal.rb:190:in `dispatch'
  actionpack (5.0.6) lib/action_controller/metal.rb:262:in `dispatch'
  actionpack (5.0.6) lib/action_dispatch/routing/route_set.rb:50:in `dispatch'
  actionpack (5.0.6) lib/action_dispatch/routing/route_set.rb:32:in `serve'
  actionpack (5.0.6) lib/action_dispatch/journey/router.rb:39:in `block in serve'
  actionpack (5.0.6) lib/action_dispatch/journey/router.rb:26:in `serve'
  actionpack (5.0.6) lib/action_dispatch/routing/route_set.rb:727:in `call'
  rack (2.0.3) lib/rack/etag.rb:25:in `call'
  rack (2.0.3) lib/rack/conditional_get.rb:25:in `call'
  rack (2.0.3) lib/rack/head.rb:12:in `call'
  rack (2.0.3) lib/rack/session/abstract/id.rb:232:in `context'
  rack (2.0.3) lib/rack/session/abstract/id.rb:226:in `call'
  actionpack (5.0.6) lib/action_dispatch/middleware/cookies.rb:613:in `call'
  activerecord (5.0.6) lib/active_record/migration.rb:553:in `call'
  actionpack (5.0.6) lib/action_dispatch/middleware/callbacks.rb:38:in `block in call'
  activesupport (5.0.6) lib/active_support/callbacks.rb:97:in `__run_callbacks__'
  activesupport (5.0.6) lib/active_support/callbacks.rb:750:in `_run_call_callbacks'
  activesupport (5.0.6) lib/active_support/callbacks.rb:90:in `run_callbacks'
  actionpack (5.0.6) lib/action_dispatch/middleware/callbacks.rb:36:in `call'
  actionpack (5.0.6) lib/action_dispatch/middleware/executor.rb:12:in `call'
  actionpack (5.0.6) lib/action_dispatch/middleware/remote_ip.rb:79:in `call'
  better_errors (2.3.0) lib/better_errors/middleware.rb:84:in `protected_app_call'
  better_errors (2.3.0) lib/better_errors/middleware.rb:79:in `better_errors_call'
  better_errors (2.3.0) lib/better_errors/middleware.rb:57:in `call'
  actionpack (5.0.6) lib/action_dispatch/middleware/debug_exceptions.rb:49:in `call'
  web-console (3.5.1) lib/web_console/middleware.rb:135:in `call_app'
  web-console (3.5.1) lib/web_console/middleware.rb:28:in `block in call'
  web-console (3.5.1) lib/web_console/middleware.rb:18:in `call'
  actionpack (5.0.6) lib/action_dispatch/middleware/show_exceptions.rb:31:in `call'
  railties (5.0.6) lib/rails/rack/logger.rb:36:in `call_app'
  railties (5.0.6) lib/rails/rack/logger.rb:24:in `block in call'
  activesupport (5.0.6) lib/active_support/tagged_logging.rb:69:in `block in tagged'
  activesupport (5.0.6) lib/active_support/tagged_logging.rb:26:in `tagged'
  activesupport (5.0.6) lib/active_support/tagged_logging.rb:69:in `tagged'
  railties (5.0.6) lib/rails/rack/logger.rb:24:in `call'
  actionpack (5.0.6) lib/action_dispatch/middleware/request_id.rb:24:in `call'
  rack (2.0.3) lib/rack/method_override.rb:22:in `call'
  rack (2.0.3) lib/rack/runtime.rb:22:in `call'
  activesupport (5.0.6) lib/active_support/cache/strategy/local_cache_middleware.rb:28:in `call'
  actionpack (5.0.6) lib/action_dispatch/middleware/executor.rb:12:in `call'
  rack-livereload (0.3.16) lib/rack/livereload.rb:23:in `_call'
  rack-livereload (0.3.16) lib/rack/livereload.rb:14:in `call'
  actionpack (5.0.6) lib/action_dispatch/middleware/static.rb:136:in `call'
  rack (2.0.3) lib/rack/sendfile.rb:111:in `call'
  railties (5.0.6) lib/rails/engine.rb:522:in `call'
  puma (3.10.0) lib/puma/configuration.rb:225:in `call'
  puma (3.10.0) lib/puma/server.rb:605:in `handle_request'
  puma (3.10.0) lib/puma/server.rb:437:in `process_client'
  puma (3.10.0) lib/puma/server.rb:301:in `block in run'
  puma (3.10.0) lib/puma/thread_pool.rb:120:in `block in spawn_thread'

Started POST "/__better_errors/8947d1e2ac6ba132/variables" for ::1 at 2017-09-29 11:25:09 -0400
Started POST "/__better_errors/8947d1e2ac6ba132/variables" for ::1 at 2017-09-29 11:25:14 -0400
Started GET "/" for ::1 at 2017-09-29 11:26:49 -0400
Processing by StaticPagesController#index as HTML
  Rendering static_pages/index.html.erb within layouts/application
  Rendered shared/_main_nav.html.erb (0.3ms)
  Rendered shared/_masthead.html.erb (0.3ms)
  Rendered shared/_sections_nav.html.erb (0.2ms)
  Rendered shared/_search_modal.html.erb (0.2ms)
  Rendered shared/_main_content.html.erb (0.4ms)
  Rendered static_pages/index.html.erb within layouts/application (10.8ms)
Completed 500 Internal Server Error in 121ms (ActiveRecord: 0.0ms)



Sass::SyntaxError - Undefined variable: "$lightest-gray".:
  sass (3.5.1) lib/sass/script/tree/variable.rb:49:in `_perform'
  sass (3.5.1) lib/sass/script/tree/node.rb:50:in `perform'
  sass (3.5.1) lib/sass/tree/visitors/perform.rb:402:in `visit_prop'
  sass (3.5.1) lib/sass/tree/visitors/base.rb:36:in `visit'
  sass (3.5.1) lib/sass/tree/visitors/perform.rb:162:in `block in visit'
  sass (3.5.1) lib/sass/stack.rb:79:in `block in with_base'
  sass (3.5.1) lib/sass/stack.rb:135:in `with_frame'
  sass (3.5.1) lib/sass/stack.rb:79:in `with_base'
  sass (3.5.1) lib/sass/tree/visitors/perform.rb:162:in `visit'
  sass (3.5.1) lib/sass/tree/visitors/perform.rb:444:in `block (2 levels) in visit_rule'
  sass (3.5.1) lib/sass/tree/visitors/perform.rb:444:in `block in visit_rule'
  sass (3.5.1) lib/sass/tree/visitors/perform.rb:183:in `with_environment'
  sass (3.5.1) lib/sass/tree/visitors/perform.rb:442:in `visit_rule'
  sass (3.5.1) lib/sass/tree/visitors/base.rb:36:in `visit'
  sass (3.5.1) lib/sass/tree/visitors/perform.rb:162:in `block in visit'
  sass (3.5.1) lib/sass/stack.rb:79:in `block in with_base'
  sass (3.5.1) lib/sass/stack.rb:135:in `with_frame'
  sass (3.5.1) lib/sass/stack.rb:79:in `with_base'
  sass (3.5.1) lib/sass/tree/visitors/perform.rb:162:in `visit'
  sass (3.5.1) lib/sass/tree/visitors/perform.rb:329:in `block (2 levels) in visit_import'
  sass (3.5.1) lib/sass/tree/visitors/perform.rb:329:in `block in visit_import'
  sass (3.5.1) lib/sass/stack.rb:88:in `block in with_import'
  sass (3.5.1) lib/sass/stack.rb:135:in `with_frame'
  sass (3.5.1) lib/sass/stack.rb:88:in `with_import'
  sass (3.5.1) lib/sass/tree/visitors/perform.rb:326:in `visit_import'
  sass (3.5.1) lib/sass/tree/visitors/base.rb:36:in `visit'
  sass (3.5.1) lib/sass/tree/visitors/perform.rb:162:in `block in visit'
  sass (3.5.1) lib/sass/stack.rb:79:in `block in with_base'
  sass (3.5.1) lib/sass/stack.rb:135:in `with_frame'
  sass (3.5.1) lib/sass/stack.rb:79:in `with_base'
  sass (3.5.1) lib/sass/tree/visitors/perform.rb:162:in `visit'
  sass (3.5.1) lib/sass/tree/visitors/base.rb:52:in `block in visit_children'
  sass (3.5.1) lib/sass/tree/visitors/base.rb:52:in `visit_children'
  sass (3.5.1) lib/sass/tree/visitors/perform.rb:171:in `block in visit_children'
  sass (3.5.1) lib/sass/tree/visitors/perform.rb:183:in `with_environment'
  sass (3.5.1) lib/sass/tree/visitors/perform.rb:170:in `visit_children'
  sass (3.5.1) lib/sass/tree/visitors/base.rb:36:in `block in visit'
  sass (3.5.1) lib/sass/tree/visitors/perform.rb:190:in `visit_root'
  sass (3.5.1) lib/sass/tree/visitors/base.rb:36:in `visit'
  sass (3.5.1) lib/sass/tree/visitors/perform.rb:161:in `visit'
  sass (3.5.1) lib/sass/tree/visitors/perform.rb:10:in `visit'
  sass (3.5.1) lib/sass/tree/root_node.rb:36:in `css_tree'
  sass (3.5.1) lib/sass/tree/root_node.rb:20:in `render'
  sass (3.5.1) lib/sass/engine.rb:290:in `render'
  sass-rails (5.0.6) lib/sass/rails/template.rb:47:in `evaluate'
  tilt (2.0.8) lib/tilt/template.rb:109:in `render'
  sprockets (3.7.1) lib/sprockets/legacy_tilt_processor.rb:25:in `call'
  sprockets (3.7.1) lib/sprockets/processor_utils.rb:75:in `call_processor'
  sprockets (3.7.1) lib/sprockets/processor_utils.rb:57:in `block in call_processors'
  sprockets (3.7.1) lib/sprockets/processor_utils.rb:56:in `call_processors'
  sprockets (3.7.1) lib/sprockets/loader.rb:134:in `load_from_unloaded'
  sprockets (3.7.1) lib/sprockets/loader.rb:60:in `block in load'
  sprockets (3.7.1) lib/sprockets/loader.rb:317:in `fetch_asset_from_dependency_cache'
  sprockets (3.7.1) lib/sprockets/loader.rb:44:in `load'
  sprockets (3.7.1) lib/sprockets/cached_environment.rb:20:in `block in initialize'
  sprockets (3.7.1) lib/sprockets/cached_environment.rb:47:in `load'
  sprockets (3.7.1) lib/sprockets/bundle.rb:23:in `block in call'
  sprockets (3.7.1) lib/sprockets/utils.rb:200:in `dfs'
  sprockets (3.7.1) lib/sprockets/bundle.rb:24:in `call'
  sprockets (3.7.1) lib/sprockets/processor_utils.rb:75:in `call_processor'
  sprockets (3.7.1) lib/sprockets/processor_utils.rb:57:in `block in call_processors'
  sprockets (3.7.1) lib/sprockets/processor_utils.rb:56:in `call_processors'
  sprockets (3.7.1) lib/sprockets/loader.rb:134:in `load_from_unloaded'
  sprockets (3.7.1) lib/sprockets/loader.rb:60:in `block in load'
  sprockets (3.7.1) lib/sprockets/loader.rb:317:in `fetch_asset_from_dependency_cache'
  sprockets (3.7.1) lib/sprockets/loader.rb:44:in `load'
  sprockets (3.7.1) lib/sprockets/cached_environment.rb:20:in `block in initialize'
  sprockets (3.7.1) lib/sprockets/cached_environment.rb:47:in `load'
  sprockets (3.7.1) lib/sprockets/base.rb:66:in `find_asset'
  sprockets (3.7.1) lib/sprockets/base.rb:92:in `[]'
  sprockets-rails (3.2.1) lib/sprockets/rails/helper.rb:355:in `find_asset'
  sprockets-rails (3.2.1) lib/sprockets/rails/helper.rb:347:in `find_debug_asset'
  sprockets-rails (3.2.1) lib/sprockets/rails/helper.rb:229:in `block in lookup_debug_asset'
  sprockets-rails (3.2.1) lib/sprockets/rails/helper.rb:242:in `block in resolve_asset'
  sprockets-rails (3.2.1) lib/sprockets/rails/helper.rb:241:in `resolve_asset'
  sprockets-rails (3.2.1) lib/sprockets/rails/helper.rb:228:in `lookup_debug_asset'
  sprockets-rails (3.2.1) lib/sprockets/rails/helper.rb:170:in `block in stylesheet_link_tag'
  sprockets-rails (3.2.1) lib/sprockets/rails/helper.rb:169:in `stylesheet_link_tag'
  app/views/layouts/application.html.erb:7:in `_app_views_layouts_application_html_erb__1360048087976825182_70178726493500'
  actionview (5.0.6) lib/action_view/template.rb:159:in `block in render'
  activesupport (5.0.6) lib/active_support/notifications.rb:166:in `instrument'
  actionview (5.0.6) lib/action_view/template.rb:354:in `instrument'
  actionview (5.0.6) lib/action_view/template.rb:157:in `render'
  actionview (5.0.6) lib/action_view/renderer/template_renderer.rb:66:in `render_with_layout'
  actionview (5.0.6) lib/action_view/renderer/template_renderer.rb:52:in `render_template'
  actionview (5.0.6) lib/action_view/renderer/template_renderer.rb:14:in `render'
  actionview (5.0.6) lib/action_view/renderer/renderer.rb:42:in `render_template'
  actionview (5.0.6) lib/action_view/renderer/renderer.rb:23:in `render'
  actionview (5.0.6) lib/action_view/rendering.rb:104:in `_render_template'
  actionpack (5.0.6) lib/action_controller/metal/streaming.rb:217:in `_render_template'
  actionview (5.0.6) lib/action_view/rendering.rb:83:in `render_to_body'
  actionpack (5.0.6) lib/action_controller/metal/rendering.rb:52:in `render_to_body'
  actionpack (5.0.6) lib/action_controller/metal/renderers.rb:142:in `render_to_body'
  actionpack (5.0.6) lib/abstract_controller/rendering.rb:26:in `render'
  actionpack (5.0.6) lib/action_controller/metal/rendering.rb:36:in `render'
  actionpack (5.0.6) lib/action_controller/metal/instrumentation.rb:44:in `block (2 levels) in render'
  activesupport (5.0.6) lib/active_support/core_ext/benchmark.rb:12:in `block in ms'
  /usr/local/var/rbenv/versions/2.3.1/lib/ruby/2.3.0/benchmark.rb:308:in `realtime'
  activesupport (5.0.6) lib/active_support/core_ext/benchmark.rb:12:in `ms'
  actionpack (5.0.6) lib/action_controller/metal/instrumentation.rb:44:in `block in render'
  actionpack (5.0.6) lib/action_controller/metal/instrumentation.rb:87:in `cleanup_view_runtime'
  activerecord (5.0.6) lib/active_record/railties/controller_runtime.rb:25:in `cleanup_view_runtime'
  actionpack (5.0.6) lib/action_controller/metal/instrumentation.rb:43:in `render'
  actionpack (5.0.6) lib/action_controller/metal/implicit_render.rb:36:in `default_render'
  actionpack (5.0.6) lib/action_controller/metal/basic_implicit_render.rb:4:in `block in send_action'
  actionpack (5.0.6) lib/action_controller/metal/basic_implicit_render.rb:4:in `send_action'
  actionpack (5.0.6) lib/abstract_controller/base.rb:188:in `process_action'
  actionpack (5.0.6) lib/action_controller/metal/rendering.rb:30:in `process_action'
  actionpack (5.0.6) lib/abstract_controller/callbacks.rb:20:in `block in process_action'
  activesupport (5.0.6) lib/active_support/callbacks.rb:126:in `call'
  activesupport (5.0.6) lib/active_support/callbacks.rb:506:in `block (2 levels) in compile'
  activesupport (5.0.6) lib/active_support/callbacks.rb:455:in `call'
  activesupport (5.0.6) lib/active_support/callbacks.rb:101:in `__run_callbacks__'
  activesupport (5.0.6) lib/active_support/callbacks.rb:750:in `_run_process_action_callbacks'
  activesupport (5.0.6) lib/active_support/callbacks.rb:90:in `run_callbacks'
  actionpack (5.0.6) lib/abstract_controller/callbacks.rb:19:in `process_action'
  actionpack (5.0.6) lib/action_controller/metal/rescue.rb:20:in `process_action'
  actionpack (5.0.6) lib/action_controller/metal/instrumentation.rb:32:in `block in process_action'
  activesupport (5.0.6) lib/active_support/notifications.rb:164:in `block in instrument'
  activesupport (5.0.6) lib/active_support/notifications/instrumenter.rb:21:in `instrument'
  activesupport (5.0.6) lib/active_support/notifications.rb:164:in `instrument'
  actionpack (5.0.6) lib/action_controller/metal/instrumentation.rb:30:in `process_action'
  actionpack (5.0.6) lib/action_controller/metal/params_wrapper.rb:248:in `process_action'
  activerecord (5.0.6) lib/active_record/railties/controller_runtime.rb:18:in `process_action'
  actionpack (5.0.6) lib/abstract_controller/base.rb:126:in `process'
  actionview (5.0.6) lib/action_view/rendering.rb:30:in `process'
  actionpack (5.0.6) lib/action_controller/metal.rb:190:in `dispatch'
  actionpack (5.0.6) lib/action_controller/metal.rb:262:in `dispatch'
  actionpack (5.0.6) lib/action_dispatch/routing/route_set.rb:50:in `dispatch'
  actionpack (5.0.6) lib/action_dispatch/routing/route_set.rb:32:in `serve'
  actionpack (5.0.6) lib/action_dispatch/journey/router.rb:39:in `block in serve'
  actionpack (5.0.6) lib/action_dispatch/journey/router.rb:26:in `serve'
  actionpack (5.0.6) lib/action_dispatch/routing/route_set.rb:727:in `call'
  rack (2.0.3) lib/rack/etag.rb:25:in `call'
  rack (2.0.3) lib/rack/conditional_get.rb:25:in `call'
  rack (2.0.3) lib/rack/head.rb:12:in `call'
  rack (2.0.3) lib/rack/session/abstract/id.rb:232:in `context'
  rack (2.0.3) lib/rack/session/abstract/id.rb:226:in `call'
  actionpack (5.0.6) lib/action_dispatch/middleware/cookies.rb:613:in `call'
  activerecord (5.0.6) lib/active_record/migration.rb:553:in `call'
  actionpack (5.0.6) lib/action_dispatch/middleware/callbacks.rb:38:in `block in call'
  activesupport (5.0.6) lib/active_support/callbacks.rb:97:in `__run_callbacks__'
  activesupport (5.0.6) lib/active_support/callbacks.rb:750:in `_run_call_callbacks'
  activesupport (5.0.6) lib/active_support/callbacks.rb:90:in `run_callbacks'
  actionpack (5.0.6) lib/action_dispatch/middleware/callbacks.rb:36:in `call'
  actionpack (5.0.6) lib/action_dispatch/middleware/executor.rb:12:in `call'
  actionpack (5.0.6) lib/action_dispatch/middleware/remote_ip.rb:79:in `call'
  better_errors (2.3.0) lib/better_errors/middleware.rb:84:in `protected_app_call'
  better_errors (2.3.0) lib/better_errors/middleware.rb:79:in `better_errors_call'
  better_errors (2.3.0) lib/better_errors/middleware.rb:57:in `call'
  actionpack (5.0.6) lib/action_dispatch/middleware/debug_exceptions.rb:49:in `call'
  web-console (3.5.1) lib/web_console/middleware.rb:135:in `call_app'
  web-console (3.5.1) lib/web_console/middleware.rb:28:in `block in call'
  web-console (3.5.1) lib/web_console/middleware.rb:18:in `call'
  actionpack (5.0.6) lib/action_dispatch/middleware/show_exceptions.rb:31:in `call'
  railties (5.0.6) lib/rails/rack/logger.rb:36:in `call_app'
  railties (5.0.6) lib/rails/rack/logger.rb:24:in `block in call'
  activesupport (5.0.6) lib/active_support/tagged_logging.rb:69:in `block in tagged'
  activesupport (5.0.6) lib/active_support/tagged_logging.rb:26:in `tagged'
  activesupport (5.0.6) lib/active_support/tagged_logging.rb:69:in `tagged'
  railties (5.0.6) lib/rails/rack/logger.rb:24:in `call'
  actionpack (5.0.6) lib/action_dispatch/middleware/request_id.rb:24:in `call'
  rack (2.0.3) lib/rack/method_override.rb:22:in `call'
  rack (2.0.3) lib/rack/runtime.rb:22:in `call'
  activesupport (5.0.6) lib/active_support/cache/strategy/local_cache_middleware.rb:28:in `call'
  actionpack (5.0.6) lib/action_dispatch/middleware/executor.rb:12:in `call'
  rack-livereload (0.3.16) lib/rack/livereload.rb:23:in `_call'
  rack-livereload (0.3.16) lib/rack/livereload.rb:14:in `call'
  actionpack (5.0.6) lib/action_dispatch/middleware/static.rb:136:in `call'
  rack (2.0.3) lib/rack/sendfile.rb:111:in `call'
  railties (5.0.6) lib/rails/engine.rb:522:in `call'
  puma (3.10.0) lib/puma/configuration.rb:225:in `call'
  puma (3.10.0) lib/puma/server.rb:605:in `handle_request'
  puma (3.10.0) lib/puma/server.rb:437:in `process_client'
  puma (3.10.0) lib/puma/server.rb:301:in `block in run'
  puma (3.10.0) lib/puma/thread_pool.rb:120:in `block in spawn_thread'

Started POST "/__better_errors/d80a13ffbea5ca17/variables" for ::1 at 2017-09-29 11:26:49 -0400
Started GET "/" for ::1 at 2017-09-29 11:26:56 -0400
Processing by StaticPagesController#index as HTML
  Rendering static_pages/index.html.erb within layouts/application
  Rendered shared/_main_nav.html.erb (0.5ms)
  Rendered shared/_masthead.html.erb (0.6ms)
  Rendered shared/_sections_nav.html.erb (0.3ms)
  Rendered shared/_search_modal.html.erb (0.3ms)
  Rendered shared/_main_content.html.erb (0.3ms)
  Rendered static_pages/index.html.erb within layouts/application (13.2ms)
Completed 200 OK in 214ms (Views: 212.6ms | ActiveRecord: 0.0ms)


Started GET "/" for ::1 at 2017-09-29 11:27:03 -0400
Processing by StaticPagesController#index as HTML
  Rendering static_pages/index.html.erb within layouts/application
  Rendered shared/_main_nav.html.erb (1.0ms)
  Rendered shared/_masthead.html.erb (0.8ms)
  Rendered shared/_sections_nav.html.erb (1.1ms)
  Rendered shared/_search_modal.html.erb (0.6ms)
  Rendered shared/_main_content.html.erb (1.4ms)
  Rendered static_pages/index.html.erb within layouts/application (28.0ms)
Completed 200 OK in 91ms (Views: 86.7ms | ActiveRecord: 0.0ms)


Started GET "/assets/application.self-acd588ce557985cf038876d6148c2c920ef02d40c3d5e212633fed5f3a12c226.css?body=1" for ::1 at 2017-09-29 11:27:03 -0400
